<?xml version="1.0" encoding="UTF-8"?>
<!-- Generated by org.testng.reporters.JUnitXMLReporter -->
<testsuite ignored="0" hostname="unnati-HP-ProBook-650-G1" failures="0" tests="5" name="Default test" time="17.52" errors="0" timestamp="2023-08-28T13:01:11 IST">
  <testcase classname="api.test.Customertest" name="TestgenerateOTP" time="3.421"/>
  <testcase classname="api.test.Customertest" name="TestverifyOTP" time="4.122"/>
  <testcase classname="api.test.Customertest" name="Testsignup" time="5.005"/>
  <testcase classname="api.test.Customertest" name="Testlogout" time="3.706"/>
  <testcase classname="api.test.Customertest" name="Testlogin" time="1.201"/>
</testsuite> <!-- Default test -->
