<?xml version="1.0" encoding="UTF-8"?>
<testng-results ignored="0" total="5" passed="5" failed="0" skipped="0">
  <reporter-output>
  </reporter-output>
  <suite started-at="2023-08-29T15:14:27 IST" name="PolEasy" finished-at="2023-08-29T15:14:44 IST" duration-ms="16993">
    <groups>
    </groups>
    <test started-at="2023-08-29T15:14:27 IST" name="PolEasy" finished-at="2023-08-29T15:14:44 IST" duration-ms="16993">
      <class name="api.test.Customertest">
        <test-method is-config="true" signature="logsetup()[pri:0, instance:api.test.Customertest@4bb33f74]" started-at="2023-08-29T15:14:27 IST" name="logsetup" finished-at="2023-08-29T15:14:28 IST" duration-ms="487" status="PASS">
          <reporter-output>
          </reporter-output>
        </test-method> <!-- logsetup -->
        <test-method signature="TestgenerateOTP()[pri:1, instance:api.test.Customertest@4bb33f74]" started-at="2023-08-29T15:14:28 IST" name="TestgenerateOTP" finished-at="2023-08-29T15:14:31 IST" duration-ms="3458" status="PASS">
          <reporter-output>
          </reporter-output>
        </test-method> <!-- TestgenerateOTP -->
        <test-method signature="TestverifyOTP()[pri:2, instance:api.test.Customertest@4bb33f74]" started-at="2023-08-29T15:14:31 IST" name="TestverifyOTP" finished-at="2023-08-29T15:14:35 IST" duration-ms="4018" status="PASS">
          <reporter-output>
          </reporter-output>
        </test-method> <!-- TestverifyOTP -->
        <test-method signature="Testsignup()[pri:3, instance:api.test.Customertest@4bb33f74]" started-at="2023-08-29T15:14:35 IST" name="Testsignup" finished-at="2023-08-29T15:14:39 IST" duration-ms="3556" status="PASS">
          <reporter-output>
          </reporter-output>
        </test-method> <!-- Testsignup -->
        <test-method signature="Testlogout()[pri:4, instance:api.test.Customertest@4bb33f74]" started-at="2023-08-29T15:14:39 IST" name="Testlogout" finished-at="2023-08-29T15:14:43 IST" duration-ms="3745" status="PASS">
          <reporter-output>
          </reporter-output>
        </test-method> <!-- Testlogout -->
        <test-method signature="Testlogin()[pri:5, instance:api.test.Customertest@4bb33f74]" started-at="2023-08-29T15:14:43 IST" name="Testlogin" finished-at="2023-08-29T15:14:44 IST" duration-ms="1425" status="PASS">
          <reporter-output>
          </reporter-output>
        </test-method> <!-- Testlogin -->
      </class> <!-- api.test.Customertest -->
    </test> <!-- PolEasy -->
  </suite> <!-- PolEasy -->
</testng-results>
