<?xml version="1.0" encoding="UTF-8"?>
<testsuite xmlns:xsi="http://www.w3.org/2001/XMLSchema-instance" xsi:noNamespaceSchemaLocation="https://maven.apache.org/surefire/maven-surefire-plugin/xsd/surefire-test-report-3.0.xsd" version="3.0" name="TestSuite" time="17.749" tests="5" errors="0" skipped="0" failures="0">
  <properties>
[...]
</properties>
  <testcase name="TestgenerateOTP" classname="api.test.Customertest" time="3.472">
    <system-out><![CDATA[Generated OTP is: 075196
]]></system-out>
    <system-err><![CDATA[SLF4J: Failed to load class "org.slf4j.impl.StaticLoggerBinder".
SLF4J: Defaulting to no-operation (NOP) logger implementation
SLF4J: See http://www.slf4j.org/codes.html#StaticLoggerBinder for further details.
]]></system-err>
  </testcase>
  <testcase name="TestverifyOTP" classname="api.test.Customertest" time="4.024">
    <system-out><![CDATA[HTTP/1.1 200 OK
Server: nginx
Date: Tue, 29 Aug 2023 09:44:36 GMT
Content-Type: application/json
Content-Length: 81
Connection: keep-alive
Vary: Accept, Cookie, Origin
Allow: POST, OPTIONS
X-Frame-Options: DENY
X-Content-Type-Options: nosniff
Referrer-Policy: same-origin
Cross-Origin-Opener-Policy: same-origin
X-XSS-Protection: 1; mode=block

{
    "data": [
        
    ],
    "status": {
        "code": 200,
        "message": "User has successfully verified OTP."
    }
}
OTP is successfully verified
]]></system-out>
  </testcase>
  <testcase name="Testsignup" classname="api.test.Customertest" time="3.551">
    <system-out><![CDATA[HTTP/1.1 201 Created
Server: nginx
Date: Tue, 29 Aug 2023 09:44:39 GMT
Content-Type: application/json
Content-Length: 627
Connection: keep-alive
Vary: Accept, Cookie, Origin
Allow: POST, OPTIONS
X-Frame-Options: DENY
X-Content-Type-Options: nosniff
Referrer-Policy: same-origin
Cross-Origin-Opener-Policy: same-origin
X-XSS-Protection: 1; mode=block

{
    "data": {
        "access_token": "eyJ0eXAiOiJKV1QiLCJhbGciOiJIUzUxMiJ9.eyJ1c2VyX2lkIjo4MjksIm1vYmlsZV9ubyI6Ijc3MzE4NjQ4NzciLCJleHAiOjE2OTMzMDk0NzcsInR5cGUiOiJhY2Nlc3MifQ.5c0z106NCNFKNS0OcU6vdw3t8C7FrySwyGudFi8TpUYGhj77mxWG4jjpB2v9me7OKAeQjEifRTRPCy-1KBwwsQ",
        "refresh_token": "eyJ0eXAiOiJKV1QiLCJhbGciOiJIUzUxMiJ9.eyJ1c2VyX2lkIjo4MjksIm1vYmlsZV9ubyI6Ijc3MzE4NjQ4NzciLCJleHAiOjE2OTMzODg2NzcsInR5cGUiOiJyZWZyZXNoIn0.5d5X42GvSmbNy1ovt1n4wfW9OFiuC3MUNxbgW7gwEP8JfOYNkgEztgvdjdmKHCS_WbPK1dlZT-YYlLR9EXs3cw",
        "access_token_expiry": "7200.0",
        "refresh_token_expiry": "86400.0"
    },
    "status": {
        "code": 201,
        "message": "Your registration done successfully."
    }
}
User is successfully registered
Access token: eyJ0eXAiOiJKV1QiLCJhbGciOiJIUzUxMiJ9.eyJ1c2VyX2lkIjo4MjksIm1vYmlsZV9ubyI6Ijc3MzE4NjQ4NzciLCJleHAiOjE2OTMzMDk0NzcsInR5cGUiOiJhY2Nlc3MifQ.5c0z106NCNFKNS0OcU6vdw3t8C7FrySwyGudFi8TpUYGhj77mxWG4jjpB2v9me7OKAeQjEifRTRPCy-1KBwwsQ
]]></system-out>
  </testcase>
  <testcase name="Testlogout" classname="api.test.Customertest" time="3.75">
    <system-out><![CDATA[HTTP/1.1 200 OK
Server: nginx
Date: Tue, 29 Aug 2023 09:44:43 GMT
Content-Type: application/json
Content-Length: 70
Connection: keep-alive
Vary: Accept, Cookie, Origin
Allow: POST, OPTIONS
X-Frame-Options: DENY
X-Content-Type-Options: nosniff
Referrer-Policy: same-origin
Cross-Origin-Opener-Policy: same-origin
X-XSS-Protection: 1; mode=block

{
    "data": [
        
    ],
    "status": {
        "code": 200,
        "message": "Logged out successfully."
    }
}
User successfully logout
]]></system-out>
  </testcase>
  <testcase name="Testlogin" classname="api.test.Customertest" time="1.431">
    <system-out><![CDATA[HTTP/1.1 200 OK
Server: nginx
Date: Tue, 29 Aug 2023 09:44:44 GMT
Content-Type: application/json
Content-Length: 593
Connection: keep-alive
Vary: Accept, Cookie, Origin
Allow: POST, OPTIONS
X-Frame-Options: DENY
X-Content-Type-Options: nosniff
Referrer-Policy: same-origin
Cross-Origin-Opener-Policy: same-origin
X-XSS-Protection: 1; mode=block

{
    "data": {
        "access_token": "eyJ0eXAiOiJKV1QiLCJhbGciOiJIUzUxMiJ9.eyJ1c2VyX2lkIjo4MjksIm1vYmlsZV9ubyI6Ijc3MzE4NjQ4NzciLCJleHAiOjE2OTMzMDk0ODQsInR5cGUiOiJhY2Nlc3MifQ.l35NouTyXB7-SwoGs6ciI1AMm5rzghY7ZYworek8whswPYV8xcdsyys8Ce3WpQJvT4Z6SjVxJtyEYCRhCQVR-A",
        "refresh_token": "eyJ0eXAiOiJKV1QiLCJhbGciOiJIUzUxMiJ9.eyJ1c2VyX2lkIjo4MjksIm1vYmlsZV9ubyI6Ijc3MzE4NjQ4NzciLCJleHAiOjE2OTMzODg2ODQsInR5cGUiOiJyZWZyZXNoIn0.wzd8QNK75NFs8vgA75r-Ya-lv26CwNNGmH3kArHBgZcxUwHr-ezw5sQxE-acAci308-OXB5e8QSYYfUSMayMTw",
        "access_token_expiry": "7200.0",
        "refresh_token_expiry": "86400.0"
    },
    "status": {
        "code": 200,
        "message": null
    }
}
User login Successfully
]]></system-out>
  </testcase>
</testsuite>